mode: set
anncouncement/services/authorization/repository/profile/profile_repo.go:25.67,29.16 3 0
anncouncement/services/authorization/repository/profile/profile_repo.go:29.16,31.3 1 0
anncouncement/services/authorization/repository/profile/profile_repo.go:32.2,33.16 2 0
anncouncement/services/authorization/repository/profile/profile_repo.go:33.16,35.3 1 0
anncouncement/services/authorization/repository/profile/profile_repo.go:36.2,38.33 2 0
anncouncement/services/authorization/repository/profile/profile_repo.go:41.117,46.16 3 1
anncouncement/services/authorization/repository/profile/profile_repo.go:46.16,47.36 1 1
anncouncement/services/authorization/repository/profile/profile_repo.go:47.36,49.4 1 1
anncouncement/services/authorization/repository/profile/profile_repo.go:50.3,50.73 1 1
anncouncement/services/authorization/repository/profile/profile_repo.go:53.2,53.24 1 1
anncouncement/services/authorization/repository/profile/profile_repo.go:56.83,62.16 3 1
anncouncement/services/authorization/repository/profile/profile_repo.go:62.16,63.36 1 1
anncouncement/services/authorization/repository/profile/profile_repo.go:63.36,65.4 1 1
anncouncement/services/authorization/repository/profile/profile_repo.go:66.3,66.69 1 1
anncouncement/services/authorization/repository/profile/profile_repo.go:69.2,69.18 1 1
anncouncement/services/authorization/repository/profile/profile_repo.go:72.94,75.16 3 1
anncouncement/services/authorization/repository/profile/profile_repo.go:75.16,77.3 1 1
anncouncement/services/authorization/repository/profile/profile_repo.go:79.2,79.12 1 1
anncouncement/services/authorization/repository/profile/profile_repo.go:82.86,87.16 3 1
anncouncement/services/authorization/repository/profile/profile_repo.go:87.16,88.36 1 1
anncouncement/services/authorization/repository/profile/profile_repo.go:88.36,90.4 1 1
anncouncement/services/authorization/repository/profile/profile_repo.go:91.3,91.72 1 1
anncouncement/services/authorization/repository/profile/profile_repo.go:94.2,94.20 1 1
anncouncement/services/authorization/repository/session/session_repo.go:25.65,33.16 3 0
anncouncement/services/authorization/repository/session/session_repo.go:33.16,35.3 1 0
anncouncement/services/authorization/repository/session/session_repo.go:37.2,37.43 1 0
anncouncement/services/authorization/repository/session/session_repo.go:40.95,44.16 3 1
anncouncement/services/authorization/repository/session/session_repo.go:44.16,46.3 1 1
anncouncement/services/authorization/repository/session/session_repo.go:48.2,48.19 1 1
anncouncement/services/authorization/repository/session/session_repo.go:51.92,53.22 2 1
anncouncement/services/authorization/repository/session/session_repo.go:53.22,55.3 1 1
anncouncement/services/authorization/repository/session/session_repo.go:57.2,57.16 1 1
anncouncement/services/authorization/repository/session/session_repo.go:57.16,59.3 1 1
anncouncement/services/authorization/repository/session/session_repo.go:61.2,61.18 1 1
anncouncement/services/authorization/repository/session/session_repo.go:64.88,66.31 2 1
anncouncement/services/authorization/repository/session/session_repo.go:66.31,68.3 1 1
anncouncement/services/authorization/repository/session/session_repo.go:70.2,70.16 1 1
anncouncement/services/authorization/repository/session/session_repo.go:70.16,72.3 1 1
anncouncement/services/authorization/repository/session/session_repo.go:74.2,74.19 1 1
anncouncement/services/authorization/repository/session/session_repo.go:77.87,79.16 2 1
anncouncement/services/authorization/repository/session/session_repo.go:79.16,81.3 1 1
anncouncement/services/authorization/repository/session/session_repo.go:83.2,83.18 1 1
