mode: set
anncouncement/services/authorization/repository/profile/profile_repo.go:24.67,28.16 3 0
anncouncement/services/authorization/repository/profile/profile_repo.go:28.16,30.3 1 0
anncouncement/services/authorization/repository/profile/profile_repo.go:31.2,32.16 2 0
anncouncement/services/authorization/repository/profile/profile_repo.go:32.16,34.3 1 0
anncouncement/services/authorization/repository/profile/profile_repo.go:35.2,37.33 2 0
anncouncement/services/authorization/repository/profile/profile_repo.go:40.96,45.16 3 1
anncouncement/services/authorization/repository/profile/profile_repo.go:45.16,46.36 1 1
anncouncement/services/authorization/repository/profile/profile_repo.go:46.36,48.4 1 1
anncouncement/services/authorization/repository/profile/profile_repo.go:49.3,49.73 1 1
anncouncement/services/authorization/repository/profile/profile_repo.go:52.2,52.24 1 1
anncouncement/services/authorization/repository/profile/profile_repo.go:55.62,61.16 3 1
anncouncement/services/authorization/repository/profile/profile_repo.go:61.16,62.36 1 1
anncouncement/services/authorization/repository/profile/profile_repo.go:62.36,64.4 1 1
anncouncement/services/authorization/repository/profile/profile_repo.go:65.3,65.69 1 1
anncouncement/services/authorization/repository/profile/profile_repo.go:68.2,68.18 1 1
anncouncement/services/authorization/repository/profile/profile_repo.go:71.73,74.16 3 1
anncouncement/services/authorization/repository/profile/profile_repo.go:74.16,76.3 1 1
anncouncement/services/authorization/repository/profile/profile_repo.go:78.2,78.12 1 1
anncouncement/services/authorization/repository/profile/profile_repo.go:81.65,86.16 3 1
anncouncement/services/authorization/repository/profile/profile_repo.go:86.16,87.36 1 1
anncouncement/services/authorization/repository/profile/profile_repo.go:87.36,89.4 1 1
anncouncement/services/authorization/repository/profile/profile_repo.go:90.3,90.72 1 1
anncouncement/services/authorization/repository/profile/profile_repo.go:93.2,93.20 1 1
anncouncement/services/authorization/repository/session/session_repo.go:25.65,33.16 3 0
anncouncement/services/authorization/repository/session/session_repo.go:33.16,35.3 1 0
anncouncement/services/authorization/repository/session/session_repo.go:37.2,37.43 1 0
anncouncement/services/authorization/repository/session/session_repo.go:40.95,44.16 3 1
anncouncement/services/authorization/repository/session/session_repo.go:44.16,46.3 1 1
anncouncement/services/authorization/repository/session/session_repo.go:48.2,48.19 1 1
anncouncement/services/authorization/repository/session/session_repo.go:51.92,53.22 2 1
anncouncement/services/authorization/repository/session/session_repo.go:53.22,55.3 1 1
anncouncement/services/authorization/repository/session/session_repo.go:57.2,57.16 1 1
anncouncement/services/authorization/repository/session/session_repo.go:57.16,59.3 1 1
anncouncement/services/authorization/repository/session/session_repo.go:61.2,61.18 1 1
anncouncement/services/authorization/repository/session/session_repo.go:64.88,66.31 2 1
anncouncement/services/authorization/repository/session/session_repo.go:66.31,68.3 1 1
anncouncement/services/authorization/repository/session/session_repo.go:70.2,70.16 1 1
anncouncement/services/authorization/repository/session/session_repo.go:70.16,72.3 1 1
anncouncement/services/authorization/repository/session/session_repo.go:74.2,74.19 1 1
anncouncement/services/authorization/repository/session/session_repo.go:77.87,79.16 2 1
anncouncement/services/authorization/repository/session/session_repo.go:79.16,81.3 1 1
anncouncement/services/authorization/repository/session/session_repo.go:83.2,83.18 1 1
